# JRE version: OpenJDK Runtime Environment (7.0_79-b14) (build 1.7.0_79-b14)
# Java VM: OpenJDK 64-Bit Server VM (24.79-b02 mixed mode linux-amd64 compressed oops)
Heap
 PSYoungGen      total 138240K, used 12799K [0x00000000eaa80000, 0x00000000f3f80000, 0x0000000100000000)
  eden space 125440K, 0% used [0x00000000eaa80000,0x00000000eaa80000,0x00000000f2500000)
  from space 12800K, 99% used [0x00000000f2500000,0x00000000f317fd90,0x00000000f3180000)
  to   space 11264K, 0% used [0x00000000f3180000,0x00000000f3180000,0x00000000f3c80000)
 ParOldGen       total 58368K, used 23567K [0x00000000c0000000, 0x00000000c3900000, 0x00000000eaa80000)
  object space 58368K, 40% used [0x00000000c0000000,0x00000000c1703c90,0x00000000c3900000)
 PSPermGen       total 21504K, used 7413K [0x00000000b5a00000, 0x00000000b6f00000, 0x00000000c0000000)
  object space 21504K, 34% used [0x00000000b5a00000,0x00000000b613d4a0,0x00000000b6f00000)
GC Heap History (10 events):
Event: 13.748 GC heap after
Heap after GC invocations=3 (full 0):
 PSYoungGen      total 34304K, used 2530K [0x00000000eaa80000, 0x00000000eed80000, 0x0000000100000000)
  eden space 31744K, 0% used [0x00000000eaa80000,0x00000000eaa80000,0x00000000ec980000)
  from space 2560K, 98% used [0x00000000ec980000,0x00000000ecbf89c0,0x00000000ecc00000)
  to   space 2560K, 0% used [0x00000000eeb00000,0x00000000eeb00000,0x00000000eed80000)
 ParOldGen       total 41984K, used 9558K [0x00000000c0000000, 0x00000000c2900000, 0x00000000eaa80000)
  object space 41984K, 22% used [0x00000000c0000000,0x00000000c0955af8,0x00000000c2900000)
 PSPermGen       total 21504K, used 5389K [0x00000000b5a00000, 0x00000000b6f00000, 0x00000000c0000000)
  object space 21504K, 25% used [0x00000000b5a00000,0x00000000b5f43668,0x00000000b6f00000)
}
Event: 17.639 GC heap before
{Heap before GC invocations=4 (full 0):
 PSYoungGen      total 34304K, used 34274K [0x00000000eaa80000, 0x00000000eed80000, 0x0000000100000000)
  eden space 31744K, 100% used [0x00000000eaa80000,0x00000000ec980000,0x00000000ec980000)
  from space 2560K, 98% used [0x00000000ec980000,0x00000000ecbf89c0,0x00000000ecc00000)
  to   space 2560K, 0% used [0x00000000eeb00000,0x00000000eeb00000,0x00000000eed80000)
 ParOldGen       total 41984K, used 9558K [0x00000000c0000000, 0x00000000c2900000, 0x00000000eaa80000)
  object space 41984K, 22% used [0x00000000c0000000,0x00000000c0955af8,0x00000000c2900000)
 PSPermGen       total 21504K, used 6599K [0x00000000b5a00000, 0x00000000b6f00000, 0x00000000c0000000)
  object space 21504K, 30% used [0x00000000b5a00000,0x00000000b6071fa0,0x00000000b6f00000)
Event: 17.664 GC heap after
Heap after GC invocations=4 (full 0):
 PSYoungGen      total 66048K, used 2537K [0x00000000eaa80000, 0x00000000eed80000, 0x0000000100000000)
  eden space 63488K, 0% used [0x00000000eaa80000,0x00000000eaa80000,0x00000000ee880000)
  from space 2560K, 99% used [0x00000000eeb00000,0x00000000eed7a4d8,0x00000000eed80000)
  to   space 2560K, 0% used [0x00000000ee880000,0x00000000ee880000,0x00000000eeb00000)
 ParOldGen       total 41984K, used 17372K [0x00000000c0000000, 0x00000000c2900000, 0x00000000eaa80000)
  object space 41984K, 41% used [0x00000000c0000000,0x00000000c10f7340,0x00000000c2900000)
 PSPermGen       total 21504K, used 6599K [0x00000000b5a00000, 0x00000000b6f00000, 0x00000000c0000000)
  object space 21504K, 30% used [0x00000000b5a00000,0x00000000b6071fa0,0x00000000b6f00000)
}
Event: 20.693 GC heap before
{Heap before GC invocations=5 (full 0):
 PSYoungGen      total 66048K, used 66025K [0x00000000eaa80000, 0x00000000eed80000, 0x0000000100000000)
  eden space 63488K, 100% used [0x00000000eaa80000,0x00000000ee880000,0x00000000ee880000)
  from space 2560K, 99% used [0x00000000eeb00000,0x00000000eed7a4d8,0x00000000eed80000)
  to   space 2560K, 0% used [0x00000000ee880000,0x00000000ee880000,0x00000000eeb00000)
 ParOldGen       total 41984K, used 17372K [0x00000000c0000000, 0x00000000c2900000, 0x00000000eaa80000)
  object space 41984K, 41% used [0x00000000c0000000,0x00000000c10f7340,0x00000000c2900000)
 PSPermGen       total 21504K, used 7290K [0x00000000b5a00000, 0x00000000b6f00000, 0x00000000c0000000)
  object space 21504K, 33% used [0x00000000b5a00000,0x00000000b611e9a8,0x00000000b6f00000)
Event: 20.712 GC heap after
Heap after GC invocations=5 (full 0):
 PSYoungGen      total 66048K, used 2533K [0x00000000eaa80000, 0x00000000f3c80000, 0x0000000100000000)
  eden space 63488K, 0% used [0x00000000eaa80000,0x00000000eaa80000,0x00000000ee880000)
  from space 2560K, 98% used [0x00000000ee880000,0x00000000eeaf97f0,0x00000000eeb00000)
  to   space 11264K, 0% used [0x00000000f3180000,0x00000000f3180000,0x00000000f3c80000)
 ParOldGen       total 41984K, used 19091K [0x00000000c0000000, 0x00000000c2900000, 0x00000000eaa80000)
  object space 41984K, 45% used [0x00000000c0000000,0x00000000c12a4dc8,0x00000000c2900000)
 PSPermGen       total 21504K, used 7290K [0x00000000b5a00000, 0x00000000b6f00000, 0x00000000c0000000)
  object space 21504K, 33% used [0x00000000b5a00000,0x00000000b611e9a8,0x00000000b6f00000)
}
Event: 23.705 GC heap before
{Heap before GC invocations=6 (full 0):
 PSYoungGen      total 66048K, used 66021K [0x00000000eaa80000, 0x00000000f3c80000, 0x0000000100000000)
  eden space 63488K, 100% used [0x00000000eaa80000,0x00000000ee880000,0x00000000ee880000)
  from space 2560K, 98% used [0x00000000ee880000,0x00000000eeaf97f0,0x00000000eeb00000)
  to   space 11264K, 0% used [0x00000000f3180000,0x00000000f3180000,0x00000000f3c80000)
 ParOldGen       total 41984K, used 19091K [0x00000000c0000000, 0x00000000c2900000, 0x00000000eaa80000)
  object space 41984K, 45% used [0x00000000c0000000,0x00000000c12a4dc8,0x00000000c2900000)
 PSPermGen       total 21504K, used 7401K [0x00000000b5a00000, 0x00000000b6f00000, 0x00000000c0000000)
  object space 21504K, 34% used [0x00000000b5a00000,0x00000000b613a4f8,0x00000000b6f00000)
Event: 23.727 GC heap after
Heap after GC invocations=6 (full 0):
 PSYoungGen      total 136704K, used 10340K [0x00000000eaa80000, 0x00000000f3f80000, 0x0000000100000000)
  eden space 125440K, 0% used [0x00000000eaa80000,0x00000000eaa80000,0x00000000f2500000)
  from space 11264K, 91% used [0x00000000f3180000,0x00000000f3b993a0,0x00000000f3c80000)
  to   space 12800K, 0% used [0x00000000f2500000,0x00000000f2500000,0x00000000f3180000)
 ParOldGen       total 41984K, used 39469K [0x00000000c0000000, 0x00000000c2900000, 0x00000000eaa80000)
  object space 41984K, 94% used [0x00000000c0000000,0x00000000c268b468,0x00000000c2900000)
 PSPermGen       total 21504K, used 7401K [0x00000000b5a00000, 0x00000000b6f00000, 0x00000000c0000000)
  object space 21504K, 34% used [0x00000000b5a00000,0x00000000b613a4f8,0x00000000b6f00000)
}
Event: 23.759 GC heap before
{Heap before GC invocations=7 (full 1):
 PSYoungGen      total 136704K, used 10340K [0x00000000eaa80000, 0x00000000f3f80000, 0x0000000100000000)
  eden space 125440K, 0% used [0x00000000eaa80000,0x00000000eaa80000,0x00000000f2500000)
  from space 11264K, 91% used [0x00000000f3180000,0x00000000f3b993a0,0x00000000f3c80000)
  to   space 12800K, 0% used [0x00000000f2500000,0x00000000f2500000,0x00000000f3180000)
 ParOldGen       total 41984K, used 39469K [0x00000000c0000000, 0x00000000c2900000, 0x00000000eaa80000)
  object space 41984K, 94% used [0x00000000c0000000,0x00000000c268b468,0x00000000c2900000)
 PSPermGen       total 21504K, used 7401K [0x00000000b5a00000, 0x00000000b6f00000, 0x00000000c0000000)
  object space 21504K, 34% used [0x00000000b5a00000,0x00000000b613a4f8,0x00000000b6f00000)
Event: 24.166 GC heap after
Heap after GC invocations=7 (full 1):
 PSYoungGen      total 136704K, used 0K [0x00000000eaa80000, 0x00000000f3f80000, 0x0000000100000000)
  eden space 125440K, 0% used [0x00000000eaa80000,0x00000000eaa80000,0x00000000f2500000)
  from space 11264K, 0% used [0x00000000f3180000,0x00000000f3180000,0x00000000f3c80000)
  to   space 12800K, 0% used [0x00000000f2500000,0x00000000f2500000,0x00000000f3180000)
 ParOldGen       total 58368K, used 19262K [0x00000000c0000000, 0x00000000c3900000, 0x00000000eaa80000)
  object space 58368K, 33% used [0x00000000c0000000,0x00000000c12cfb48,0x00000000c3900000)
 PSPermGen       total 21504K, used 7396K [0x00000000b5a00000, 0x00000000b6f00000, 0x00000000c0000000)
  object space 21504K, 34% used [0x00000000b5a00000,0x00000000b6139260,0x00000000b6f00000)
}
Event: 32.386 GC heap before
{Heap before GC invocations=8 (full 1):
 PSYoungGen      total 136704K, used 125440K [0x00000000eaa80000, 0x00000000f3f80000, 0x0000000100000000)
  eden space 125440K, 100% used [0x00000000eaa80000,0x00000000f2500000,0x00000000f2500000)
  from space 11264K, 0% used [0x00000000f3180000,0x00000000f3180000,0x00000000f3c80000)
  to   space 12800K, 0% used [0x00000000f2500000,0x00000000f2500000,0x00000000f3180000)
 ParOldGen       total 58368K, used 19262K [0x00000000c0000000, 0x00000000c3900000, 0x00000000eaa80000)
  object space 58368K, 33% used [0x00000000c0000000,0x00000000c12cfb48,0x00000000c3900000)
 PSPermGen       total 21504K, used 7413K [0x00000000b5a00000, 0x00000000b6f00000, 0x00000000c0000000)
  object space 21504K, 34% used [0x00000000b5a00000,0x00000000b613d4a0,0x00000000b6f00000)

